<?xml version="1.0" encoding="UTF-8"?>
<!-- Generated by org.testng.reporters.JUnitReportReporter -->
<testsuite hostname="DESKTOP-L8VPHJS" failures="1" tests="2" name="runners.GooglePageRunner" time="11.806" errors="0" timestamp="2023-01-27T10:01:56 IST" skipped="0">
  <testcase classname="runners.GooglePageRunner" name="runScenario" time="6.176">
    <failure message="expected [Selenium Tutorial - Google Search Page] but found [Selenium Tutorial - Google Search]" type="java.lang.AssertionError">
      <![CDATA[java.lang.AssertionError: expected [Selenium Tutorial - Google Search Page] but found [Selenium Tutorial - Google Search]
at org.testng.Assert.fail(Assert.java:110)
at org.testng.Assert.failNotEquals(Assert.java:1413)
at org.testng.Assert.assertEqualsImpl(Assert.java:149)
at org.testng.Assert.assertEquals(Assert.java:131)
at org.testng.Assert.assertEquals(Assert.java:655)
at org.testng.Assert.assertEquals(Assert.java:665)
at stepdefs.GooglePageStepDef.should_display_selenium_result_page(GooglePageStepDef.java:52)
at âœ½.Should display Selenium Result page(file:///F:/Anandhi/workspace/seleniumWorkspace/Nov2022WS/BDDSamplesB30/src/test/resources/features/GoogleSearch.feature:11)
]]>
    </failure>
  </testcase> <!-- runScenario -->
  <system-out/>
  <testcase classname="runners.GooglePageRunner" name="runScenario" time="5.630"/>
  <system-out/>
</testsuite> <!-- runners.GooglePageRunner -->
